[10816:9220:1229/180942.571:ERROR:token_service_table.cc(140)] Failed to decrypt token for service AccountId-110714517739390964245
[10816:8284:1229/180946.167:INFO:login_database.cc(1413)] Password decryption failed, encryption_result is 1
[10816:8284:1229/180946.167:INFO:login_database.cc(1413)] Password decryption failed, encryption_result is 1
[10816:8284:1229/180946.167:INFO:login_database.cc(1413)] Password decryption failed, encryption_result is 1
[10816:8284:1229/180946.167:INFO:login_database.cc(1413)] Password decryption failed, encryption_result is 1
[10816:8284:1229/180946.167:INFO:login_database.cc(1413)] Password decryption failed, encryption_result is 1
[10816:8284:1229/180946.167:INFO:login_database.cc(1413)] Password decryption failed, encryption_result is 1
[10816:8284:1229/180946.179:INFO:login_database.cc(1413)] Password decryption failed, encryption_result is 1
[10816:8284:1229/180946.179:INFO:login_database.cc(1413)] Password decryption failed, encryption_result is 1
[10816:8284:1229/180946.180:INFO:login_database.cc(1413)] Password decryption failed, encryption_result is 1
[10816:8284:1229/180946.180:INFO:login_database.cc(1413)] Password decryption failed, encryption_result is 1
[10816:8284:1229/180946.180:INFO:login_database.cc(1413)] Password decryption failed, encryption_result is 1
[10816:8284:1229/180946.180:INFO:login_database.cc(1413)] Password decryption failed, encryption_result is 1
[10816:8284:1229/180946.180:INFO:login_database.cc(1413)] Password decryption failed, encryption_result is 1
[10816:8284:1229/180946.180:INFO:login_database.cc(1413)] Password decryption failed, encryption_result is 1
[10816:8284:1229/180946.180:INFO:login_database.cc(1413)] Password decryption failed, encryption_result is 1
[10816:8284:1229/180946.180:INFO:login_database.cc(1413)] Password decryption failed, encryption_result is 1
[10816:8284:1229/180946.180:INFO:login_database.cc(1413)] Password decryption failed, encryption_result is 1
[10816:8284:1229/180946.180:INFO:login_database.cc(1413)] Password decryption failed, encryption_result is 1
[10816:8284:1229/180946.180:INFO:login_database.cc(1413)] Password decryption failed, encryption_result is 1
[10816:8284:1229/180946.180:INFO:login_database.cc(1413)] Password decryption failed, encryption_result is 1
[10816:8284:1229/180946.180:INFO:login_database.cc(1413)] Password decryption failed, encryption_result is 1
[10816:8284:1229/180946.180:INFO:login_database.cc(1413)] Password decryption failed, encryption_result is 1
[10816:8284:1229/180946.180:INFO:login_database.cc(1413)] Password decryption failed, encryption_result is 1
[10816:8284:1229/180946.180:INFO:login_database.cc(1413)] Password decryption failed, encryption_result is 1
[10816:8284:1229/180946.180:INFO:login_database.cc(1413)] Password decryption failed, encryption_result is 1
[10816:8284:1229/180946.180:INFO:login_database.cc(1413)] Password decryption failed, encryption_result is 1
[10816:8284:1229/180946.180:INFO:login_database.cc(1413)] Password decryption failed, encryption_result is 1
[10816:8284:1229/180946.180:INFO:login_database.cc(1413)] Password decryption failed, encryption_result is 1
[10816:8284:1229/180946.180:INFO:login_database.cc(1413)] Password decryption failed, encryption_result is 1
[10816:8284:1229/180946.180:INFO:login_database.cc(1413)] Password decryption failed, encryption_result is 1
[10816:8284:1229/180946.180:INFO:login_database.cc(1413)] Password decryption failed, encryption_result is 1
[10816:8284:1229/180946.180:INFO:login_database.cc(1413)] Password decryption failed, encryption_result is 1
[10816:8284:1229/180946.180:INFO:login_database.cc(1413)] Password decryption failed, encryption_result is 1
[10816:8284:1229/180946.180:INFO:login_database.cc(1413)] Password decryption failed, encryption_result is 1
[10816:8284:1229/180946.180:INFO:login_database.cc(1413)] Password decryption failed, encryption_result is 1
[10816:8284:1229/180946.180:INFO:login_database.cc(1413)] Password decryption failed, encryption_result is 1
[10816:8284:1229/180946.180:INFO:login_database.cc(1413)] Password decryption failed, encryption_result is 1
[10816:8284:1229/180946.180:INFO:login_database.cc(1413)] Password decryption failed, encryption_result is 1
[10816:8284:1229/180946.180:INFO:login_database.cc(1413)] Password decryption failed, encryption_result is 1
[10816:8284:1229/180946.180:INFO:login_database.cc(1413)] Password decryption failed, encryption_result is 1
[10816:8284:1229/180946.180:INFO:login_database.cc(1413)] Password decryption failed, encryption_result is 1
[10816:8284:1229/180946.180:INFO:login_database.cc(1413)] Password decryption failed, encryption_result is 1
[10816:8284:1229/180946.180:INFO:login_database.cc(1413)] Password decryption failed, encryption_result is 1
[10816:8284:1229/180946.180:INFO:login_database.cc(1413)] Password decryption failed, encryption_result is 1
[10816:8284:1229/180946.180:INFO:login_database.cc(1413)] Password decryption failed, encryption_result is 1
[10816:8284:1229/180946.180:INFO:login_database.cc(1413)] Password decryption failed, encryption_result is 1
[10816:8284:1229/180946.180:INFO:login_database.cc(1413)] Password decryption failed, encryption_result is 1
[10816:8284:1229/180946.180:INFO:login_database.cc(1413)] Password decryption failed, encryption_result is 1
[10816:8284:1229/180946.180:INFO:login_database.cc(1413)] Password decryption failed, encryption_result is 1
[10816:8284:1229/180946.180:INFO:login_database.cc(1413)] Password decryption failed, encryption_result is 1
[10816:8284:1229/180946.180:INFO:login_database.cc(1413)] Password decryption failed, encryption_result is 1
[10816:8284:1229/180946.180:INFO:login_database.cc(1413)] Password decryption failed, encryption_result is 1
[10816:8284:1229/180946.180:INFO:login_database.cc(1413)] Password decryption failed, encryption_result is 1
[10816:8284:1229/180946.180:INFO:login_database.cc(1413)] Password decryption failed, encryption_result is 1
[10816:8284:1229/180946.180:INFO:login_database.cc(1413)] Password decryption failed, encryption_result is 1
[10816:8284:1229/180946.180:INFO:login_database.cc(1413)] Password decryption failed, encryption_result is 1
[10816:8284:1229/180946.180:INFO:login_database.cc(1413)] Password decryption failed, encryption_result is 1
[10816:8284:1229/180946.180:INFO:login_database.cc(1413)] Password decryption failed, encryption_result is 1
[10816:8284:1229/180946.180:INFO:login_database.cc(1413)] Password decryption failed, encryption_result is 1
[10816:8284:1229/180946.180:INFO:login_database.cc(1413)] Password decryption failed, encryption_result is 1
[10816:8284:1229/180946.180:INFO:login_database.cc(1413)] Password decryption failed, encryption_result is 1
[10816:8284:1229/180946.180:INFO:login_database.cc(1413)] Password decryption failed, encryption_result is 1
[10816:8284:1229/180946.180:INFO:login_database.cc(1413)] Password decryption failed, encryption_result is 1
[10816:8284:1229/180946.180:INFO:login_database.cc(1413)] Password decryption failed, encryption_result is 1
[10816:8284:1229/180946.180:INFO:login_database.cc(1413)] Password decryption failed, encryption_result is 1
[10816:8284:1229/180946.180:INFO:login_database.cc(1413)] Password decryption failed, encryption_result is 1
[10816:8284:1229/180946.180:INFO:login_database.cc(1413)] Password decryption failed, encryption_result is 1
[10816:8284:1229/180946.180:INFO:login_database.cc(1413)] Password decryption failed, encryption_result is 1
[10816:8284:1229/180946.180:INFO:login_database.cc(1413)] Password decryption failed, encryption_result is 1
[10816:8284:1229/180946.180:INFO:login_database.cc(1413)] Password decryption failed, encryption_result is 1
[10816:8284:1229/180946.180:INFO:login_database.cc(1413)] Password decryption failed, encryption_result is 1
[10816:8284:1229/180946.180:INFO:login_database.cc(1413)] Password decryption failed, encryption_result is 1
[10816:8284:1229/180946.180:INFO:login_database.cc(1413)] Password decryption failed, encryption_result is 1
[10816:8284:1229/180946.180:INFO:login_database.cc(1413)] Password decryption failed, encryption_result is 1
[10816:8284:1229/180946.180:INFO:login_database.cc(1413)] Password decryption failed, encryption_result is 1
[10816:8284:1229/180946.180:INFO:login_database.cc(1413)] Password decryption failed, encryption_result is 1
[10816:8284:1229/180946.180:INFO:login_database.cc(1413)] Password decryption failed, encryption_result is 1
[10816:8284:1229/180946.180:INFO:login_database.cc(1413)] Password decryption failed, encryption_result is 1
[10816:8284:1229/180946.180:INFO:login_database.cc(1413)] Password decryption failed, encryption_result is 1
[10816:8284:1229/180946.180:INFO:login_database.cc(1413)] Password decryption failed, encryption_result is 1
[10816:8284:1229/180946.180:INFO:login_database.cc(1413)] Password decryption failed, encryption_result is 1
[10816:8284:1229/180946.180:INFO:login_database.cc(1413)] Password decryption failed, encryption_result is 1
[10816:8284:1229/180946.180:INFO:login_database.cc(1413)] Password decryption failed, encryption_result is 1
[10816:8284:1229/180946.180:INFO:login_database.cc(1413)] Password decryption failed, encryption_result is 1
[10816:8284:1229/180946.180:INFO:login_database.cc(1413)] Password decryption failed, encryption_result is 1
[10816:8284:1229/180946.180:INFO:login_database.cc(1413)] Password decryption failed, encryption_result is 1
[10816:8284:1229/180946.180:INFO:login_database.cc(1413)] Password decryption failed, encryption_result is 1
[10816:8284:1229/180946.180:INFO:login_database.cc(1413)] Password decryption failed, encryption_result is 1
[10816:8284:1229/180946.180:INFO:login_database.cc(1413)] Password decryption failed, encryption_result is 1
[10816:8284:1229/180946.180:INFO:login_database.cc(1413)] Password decryption failed, encryption_result is 1
[10816:8284:1229/180946.180:INFO:login_database.cc(1413)] Password decryption failed, encryption_result is 1
[10816:8284:1229/180946.180:INFO:login_database.cc(1413)] Password decryption failed, encryption_result is 1
[10816:8284:1229/180946.180:INFO:login_database.cc(1413)] Password decryption failed, encryption_result is 1
[10816:8284:1229/180946.180:INFO:login_database.cc(1413)] Password decryption failed, encryption_result is 1
[10816:8284:1229/180946.180:INFO:login_database.cc(1413)] Password decryption failed, encryption_result is 1
[10816:8284:1229/180946.180:INFO:login_database.cc(1413)] Password decryption failed, encryption_result is 1
[10816:8284:1229/180946.180:INFO:login_database.cc(1413)] Password decryption failed, encryption_result is 1
[10816:8284:1229/180946.180:INFO:login_database.cc(1413)] Password decryption failed, encryption_result is 1
[10816:8284:1229/180946.180:INFO:login_database.cc(1413)] Password decryption failed, encryption_result is 1
[10816:8284:1229/180946.180:INFO:login_database.cc(1413)] Password decryption failed, encryption_result is 1
[10816:8284:1229/180946.180:INFO:login_database.cc(1413)] Password decryption failed, encryption_result is 1
[10816:8284:1229/180946.180:INFO:login_database.cc(1413)] Password decryption failed, encryption_result is 1
[10816:8284:1229/180946.180:INFO:login_database.cc(1413)] Password decryption failed, encryption_result is 1
[10816:8284:1229/180946.180:INFO:login_database.cc(1413)] Password decryption failed, encryption_result is 1
[10816:8284:1229/180946.181:INFO:login_database.cc(1413)] Password decryption failed, encryption_result is 1
[10816:8284:1229/180946.181:INFO:login_database.cc(1413)] Password decryption failed, encryption_result is 1
[10816:8284:1229/180946.181:INFO:login_database.cc(1413)] Password decryption failed, encryption_result is 1
[10816:8284:1229/180946.181:INFO:login_database.cc(1413)] Password decryption failed, encryption_result is 1
[10816:8284:1229/180946.181:INFO:login_database.cc(1413)] Password decryption failed, encryption_result is 1
[10816:8284:1229/180946.181:INFO:login_database.cc(1413)] Password decryption failed, encryption_result is 1
[10816:8284:1229/180946.181:INFO:login_database.cc(1413)] Password decryption failed, encryption_result is 1
[10816:8284:1229/180946.181:INFO:login_database.cc(1413)] Password decryption failed, encryption_result is 1
[10816:8284:1229/180946.181:INFO:login_database.cc(1413)] Password decryption failed, encryption_result is 1
[10816:8284:1229/180946.181:INFO:login_database.cc(1413)] Password decryption failed, encryption_result is 1
[10816:8284:1229/180946.181:INFO:login_database.cc(1413)] Password decryption failed, encryption_result is 1
[10816:8284:1229/180946.181:INFO:login_database.cc(1413)] Password decryption failed, encryption_result is 1
[10816:8284:1229/180946.181:INFO:login_database.cc(1413)] Password decryption failed, encryption_result is 1
[10816:8284:1229/180946.181:INFO:login_database.cc(1413)] Password decryption failed, encryption_result is 1
[10816:8284:1229/180946.181:INFO:login_database.cc(1413)] Password decryption failed, encryption_result is 1
[10816:8284:1229/180946.181:INFO:login_database.cc(1413)] Password decryption failed, encryption_result is 1
[10816:8284:1229/180946.181:INFO:login_database.cc(1413)] Password decryption failed, encryption_result is 1
[10816:8284:1229/180946.181:INFO:login_database.cc(1413)] Password decryption failed, encryption_result is 1
[10816:8284:1229/180946.181:INFO:login_database.cc(1413)] Password decryption failed, encryption_result is 1
[10816:8284:1229/180946.181:INFO:login_database.cc(1413)] Password decryption failed, encryption_result is 1
[10816:8284:1229/180946.181:INFO:login_database.cc(1413)] Password decryption failed, encryption_result is 1
[10816:8284:1229/180946.181:INFO:login_database.cc(1413)] Password decryption failed, encryption_result is 1
[10816:8284:1229/180946.181:INFO:login_database.cc(1413)] Password decryption failed, encryption_result is 1
[10816:8284:1229/180946.181:INFO:login_database.cc(1413)] Password decryption failed, encryption_result is 1
[10816:8284:1229/180946.181:INFO:login_database.cc(1413)] Password decryption failed, encryption_result is 1
[10816:8284:1229/180946.181:INFO:login_database.cc(1413)] Password decryption failed, encryption_result is 1
[10816:8284:1229/180946.181:INFO:login_database.cc(1413)] Password decryption failed, encryption_result is 1
[10816:8284:1229/180946.181:INFO:login_database.cc(1413)] Password decryption failed, encryption_result is 1
[10816:8284:1229/180946.181:INFO:login_database.cc(1413)] Password decryption failed, encryption_result is 1
[10816:8284:1229/180946.181:INFO:login_database.cc(1413)] Password decryption failed, encryption_result is 1
[10816:8284:1229/180946.181:INFO:login_database.cc(1413)] Password decryption failed, encryption_result is 1
[10816:8284:1229/180946.181:INFO:login_database.cc(1413)] Password decryption failed, encryption_result is 1
[10816:8284:1229/180946.181:INFO:login_database.cc(1413)] Password decryption failed, encryption_result is 1
[10816:8284:1229/180946.181:INFO:login_database.cc(1413)] Password decryption failed, encryption_result is 1
[10816:8284:1229/180946.181:INFO:login_database.cc(1413)] Password decryption failed, encryption_result is 1
[10816:8284:1229/180946.181:INFO:login_database.cc(1413)] Password decryption failed, encryption_result is 1
[10816:8284:1229/180946.181:INFO:login_database.cc(1413)] Password decryption failed, encryption_result is 1
[10816:8284:1229/180946.181:INFO:login_database.cc(1413)] Password decryption failed, encryption_result is 1
[10816:8284:1229/180946.181:INFO:login_database.cc(1413)] Password decryption failed, encryption_result is 1
[10816:8284:1229/180946.181:INFO:login_database.cc(1413)] Password decryption failed, encryption_result is 1
[10816:8284:1229/180946.181:INFO:login_database.cc(1413)] Password decryption failed, encryption_result is 1
[10816:8284:1229/180946.181:INFO:login_database.cc(1413)] Password decryption failed, encryption_result is 1
[10816:8284:1229/180946.181:INFO:login_database.cc(1413)] Password decryption failed, encryption_result is 1
[10816:8284:1229/180946.181:INFO:login_database.cc(1413)] Password decryption failed, encryption_result is 1
[10816:8284:1229/180946.181:INFO:login_database.cc(1413)] Password decryption failed, encryption_result is 1
[10816:8284:1229/180946.181:INFO:login_database.cc(1413)] Password decryption failed, encryption_result is 1
[10816:8284:1229/180946.181:INFO:login_database.cc(1413)] Password decryption failed, encryption_result is 1
[10816:8284:1229/180946.181:INFO:login_database.cc(1413)] Password decryption failed, encryption_result is 1
[10816:8284:1229/180946.181:INFO:login_database.cc(1413)] Password decryption failed, encryption_result is 1
[10816:8284:1229/180946.181:INFO:login_database.cc(1413)] Password decryption failed, encryption_result is 1
[10816:8284:1229/180946.181:INFO:login_database.cc(1413)] Password decryption failed, encryption_result is 1
[10816:8284:1229/180946.181:INFO:login_database.cc(1413)] Password decryption failed, encryption_result is 1
[10816:8284:1229/180946.181:INFO:login_database.cc(1413)] Password decryption failed, encryption_result is 1
[10816:8284:1229/180946.181:INFO:login_database.cc(1413)] Password decryption failed, encryption_result is 1
[10816:8284:1229/180946.181:INFO:login_database.cc(1413)] Password decryption failed, encryption_result is 1
[10816:8284:1229/180946.181:INFO:login_database.cc(1413)] Password decryption failed, encryption_result is 1
[10816:8284:1229/180946.181:INFO:login_database.cc(1413)] Password decryption failed, encryption_result is 1
[10816:8284:1229/180946.181:INFO:login_database.cc(1413)] Password decryption failed, encryption_result is 1
[10816:8284:1229/180946.181:INFO:login_database.cc(1413)] Password decryption failed, encryption_result is 1
[10816:8284:1229/180946.181:INFO:login_database.cc(1413)] Password decryption failed, encryption_result is 1
[10816:8284:1229/180946.181:INFO:login_database.cc(1413)] Password decryption failed, encryption_result is 1
[10816:8284:1229/180946.181:INFO:login_database.cc(1413)] Password decryption failed, encryption_result is 1
[10816:8284:1229/180946.181:INFO:login_database.cc(1413)] Password decryption failed, encryption_result is 1
[10816:8284:1229/180946.181:INFO:login_database.cc(1413)] Password decryption failed, encryption_result is 1
[10816:8284:1229/180946.181:INFO:login_database.cc(1413)] Password decryption failed, encryption_result is 1
[10816:8284:1229/180946.181:INFO:login_database.cc(1413)] Password decryption failed, encryption_result is 1
[10816:8284:1229/180946.181:INFO:login_database.cc(1413)] Password decryption failed, encryption_result is 1
[10816:8284:1229/180946.181:INFO:login_database.cc(1413)] Password decryption failed, encryption_result is 1
[10816:8284:1229/180946.181:INFO:login_database.cc(1413)] Password decryption failed, encryption_result is 1
[10816:8284:1229/180946.181:INFO:login_database.cc(1413)] Password decryption failed, encryption_result is 1
[10816:8284:1229/180946.181:INFO:login_database.cc(1413)] Password decryption failed, encryption_result is 1
[10816:8284:1229/180946.181:INFO:login_database.cc(1413)] Password decryption failed, encryption_result is 1
[10816:8284:1229/180946.181:INFO:login_database.cc(1413)] Password decryption failed, encryption_result is 1
[10816:8284:1229/180946.181:INFO:login_database.cc(1413)] Password decryption failed, encryption_result is 1
[10816:8284:1229/180946.181:INFO:login_database.cc(1413)] Password decryption failed, encryption_result is 1
[10816:8284:1229/180946.181:INFO:login_database.cc(1413)] Password decryption failed, encryption_result is 1
[10816:8284:1229/180946.181:INFO:login_database.cc(1413)] Password decryption failed, encryption_result is 1
[10816:8284:1229/180946.181:INFO:login_database.cc(1413)] Password decryption failed, encryption_result is 1
[10816:8284:1229/180946.181:INFO:login_database.cc(1413)] Password decryption failed, encryption_result is 1
[10816:8284:1229/180946.181:INFO:login_database.cc(1413)] Password decryption failed, encryption_result is 1
[10816:8284:1229/180946.181:INFO:login_database.cc(1413)] Password decryption failed, encryption_result is 1
[10816:8284:1229/180946.181:INFO:login_database.cc(1413)] Password decryption failed, encryption_result is 1
[10816:8284:1229/180946.181:INFO:login_database.cc(1413)] Password decryption failed, encryption_result is 1
[10816:8284:1229/180946.181:INFO:login_database.cc(1413)] Password decryption failed, encryption_result is 1
[10816:8284:1229/180946.181:INFO:login_database.cc(1413)] Password decryption failed, encryption_result is 1
[10816:8284:1229/180946.181:INFO:login_database.cc(1413)] Password decryption failed, encryption_result is 1
[10816:8284:1229/180946.181:INFO:login_database.cc(1413)] Password decryption failed, encryption_result is 1
[10816:8284:1229/180946.181:INFO:login_database.cc(1413)] Password decryption failed, encryption_result is 1
[10816:8284:1229/180946.181:INFO:login_database.cc(1413)] Password decryption failed, encryption_result is 1
[10816:8284:1229/180946.181:INFO:login_database.cc(1413)] Password decryption failed, encryption_result is 1
[10816:8284:1229/180946.181:INFO:login_database.cc(1413)] Password decryption failed, encryption_result is 1
[10816:8284:1229/180946.181:INFO:login_database.cc(1413)] Password decryption failed, encryption_result is 1
[10816:8284:1229/180946.181:INFO:login_database.cc(1413)] Password decryption failed, encryption_result is 1
[10816:8284:1229/180946.181:INFO:login_database.cc(1413)] Password decryption failed, encryption_result is 1
[10816:8284:1229/180946.181:INFO:login_database.cc(1413)] Password decryption failed, encryption_result is 1
[10816:8284:1229/180946.181:INFO:login_database.cc(1413)] Password decryption failed, encryption_result is 1
[10816:8284:1229/180946.181:INFO:login_database.cc(1413)] Password decryption failed, encryption_result is 1
[10816:8284:1229/180946.181:INFO:login_database.cc(1413)] Password decryption failed, encryption_result is 1
[10816:8284:1229/180946.181:INFO:login_database.cc(1413)] Password decryption failed, encryption_result is 1
[10816:8284:1229/180946.181:INFO:login_database.cc(1413)] Password decryption failed, encryption_result is 1
[10816:8284:1229/180946.181:INFO:login_database.cc(1413)] Password decryption failed, encryption_result is 1
[10816:8284:1229/180946.181:INFO:login_database.cc(1413)] Password decryption failed, encryption_result is 1
[10816:8284:1229/180946.182:INFO:login_database.cc(1413)] Password decryption failed, encryption_result is 1
[10816:8284:1229/180946.182:INFO:login_database.cc(1413)] Password decryption failed, encryption_result is 1
[10816:8284:1229/180946.182:INFO:login_database.cc(1413)] Password decryption failed, encryption_result is 1
[10816:8284:1229/180946.182:INFO:login_database.cc(1413)] Password decryption failed, encryption_result is 1
[10816:8284:1229/180946.182:INFO:login_database.cc(1413)] Password decryption failed, encryption_result is 1
[10816:8284:1229/180946.182:INFO:login_database.cc(1413)] Password decryption failed, encryption_result is 1
[10816:8284:1229/180946.182:INFO:login_database.cc(1413)] Password decryption failed, encryption_result is 1
[10816:8284:1229/180946.182:INFO:login_database.cc(1413)] Password decryption failed, encryption_result is 1
[10816:8284:1229/180946.182:INFO:login_database.cc(1413)] Password decryption failed, encryption_result is 1
[10816:8284:1229/180946.182:INFO:login_database.cc(1413)] Password decryption failed, encryption_result is 1
[10816:8284:1229/180946.182:INFO:login_database.cc(1413)] Password decryption failed, encryption_result is 1
[10816:8284:1229/180946.182:INFO:login_database.cc(1413)] Password decryption failed, encryption_result is 1
[10816:8284:1229/180946.182:INFO:login_database.cc(1413)] Password decryption failed, encryption_result is 1
[10816:8284:1229/180946.182:INFO:login_database.cc(1413)] Password decryption failed, encryption_result is 1
[10816:8284:1229/180946.182:INFO:login_database.cc(1413)] Password decryption failed, encryption_result is 1
[10816:8284:1229/180946.182:INFO:login_database.cc(1413)] Password decryption failed, encryption_result is 1
[10816:8284:1229/180946.182:INFO:login_database.cc(1413)] Password decryption failed, encryption_result is 1
[10816:8284:1229/180946.182:INFO:login_database.cc(1413)] Password decryption failed, encryption_result is 1
[10816:8284:1229/180946.182:INFO:login_database.cc(1413)] Password decryption failed, encryption_result is 1
[10816:8284:1229/180946.182:INFO:login_database.cc(1413)] Password decryption failed, encryption_result is 1
[10816:8284:1229/180946.182:INFO:login_database.cc(1413)] Password decryption failed, encryption_result is 1
[10816:8284:1229/180946.182:INFO:login_database.cc(1413)] Password decryption failed, encryption_result is 1
[10816:8284:1229/180946.182:INFO:login_database.cc(1413)] Password decryption failed, encryption_result is 1
[10816:8284:1229/180946.182:INFO:login_database.cc(1413)] Password decryption failed, encryption_result is 1
[10816:8284:1229/180946.182:INFO:login_database.cc(1413)] Password decryption failed, encryption_result is 1
[10816:8284:1229/180946.182:INFO:login_database.cc(1413)] Password decryption failed, encryption_result is 1
[10816:8284:1229/180946.182:INFO:login_database.cc(1413)] Password decryption failed, encryption_result is 1
[10816:8284:1229/180946.182:INFO:login_database.cc(1413)] Password decryption failed, encryption_result is 1
[10816:8284:1229/180946.182:INFO:login_database.cc(1413)] Password decryption failed, encryption_result is 1
[10816:8284:1229/180946.182:INFO:login_database.cc(1413)] Password decryption failed, encryption_result is 1
[10816:8284:1229/180946.182:INFO:login_database.cc(1413)] Password decryption failed, encryption_result is 1
[10816:8284:1229/180946.182:INFO:login_database.cc(1413)] Password decryption failed, encryption_result is 1
[10816:8284:1229/180946.182:INFO:login_database.cc(1413)] Password decryption failed, encryption_result is 1
[10816:8284:1229/180946.182:INFO:login_database.cc(1413)] Password decryption failed, encryption_result is 1
[10816:12992:1229/181001.484:INFO:CONSOLE(61)] "[object Object] ye chalOOOO", source: chrome-extension://ljngjbnaijcbncmcnjfhigebomdlkcjo/extension/background.js (61)
[10816:12992:1229/181002.131:INFO:CONSOLE(0)] "Access to XMLHttpRequest at 'http://298279967.log.optimizely.com/event?a=298279967&d=298279967&y=false&n=http%3A%2F%2Fthe-internet.herokuapp.com%2F&u=oeu1609245601678r0.9593178962201696&wxhr=true&t=1609245601682&f=298349752,318188263' from origin 'http://the-internet.herokuapp.com' has been blocked by CORS policy: No 'Access-Control-Allow-Origin' header is present on the requested resource.", source: http://the-internet.herokuapp.com/ (0)
[10816:12992:1229/181002.890:INFO:CONSOLE(61)] "[object Object] ye chalOOOO", source: chrome-extension://ljngjbnaijcbncmcnjfhigebomdlkcjo/extension/background.js (61)
[10816:23196:1229/181003.394:ERROR:gcm_store_impl.cc(941)] Failed to restore security token.
[10816:12992:1229/181004.907:INFO:CONSOLE(0)] "Access to XMLHttpRequest at 'http://298279967.log.optimizely.com/event?a=298279967&d=298279967&y=false&n=engagement&g=298283957&u=oeu1609245601678r0.9593178962201696&wxhr=true&t=1609245604682&f=298349752,318188263' from origin 'http://the-internet.herokuapp.com' has been blocked by CORS policy: No 'Access-Control-Allow-Origin' header is present on the requested resource.", source: http://the-internet.herokuapp.com/ (0)
[10816:12992:1229/181004.973:INFO:CONSOLE(61)] "[object Object] ye chalOOOO", source: chrome-extension://ljngjbnaijcbncmcnjfhigebomdlkcjo/extension/background.js (61)
[10816:12992:1229/181005.026:INFO:CONSOLE(0)] "[DOM] Input elements should have autocomplete attributes (suggested: "current-password"): (More info: https://goo.gl/9p2vKq) %o", source: http://the-internet.herokuapp.com/login (0)
[10816:22944:1229/181005.027:INFO:login_database.cc(1413)] Password decryption failed, encryption_result is 1
[10816:12992:1229/181005.207:INFO:CONSOLE(0)] "Access to XMLHttpRequest at 'http://298279967.log.optimizely.com/event?a=298279967&d=298279967&y=false&n=http%3A%2F%2Fthe-internet.herokuapp.com%2Flogin&u=oeu1609245601678r0.9593178962201696&wxhr=true&t=1609245604982&f=298349752,318188263' from origin 'http://the-internet.herokuapp.com' has been blocked by CORS policy: No 'Access-Control-Allow-Origin' header is present on the requested resource.", source: http://the-internet.herokuapp.com/login (0)
[10816:12992:1229/181005.308:INFO:CONSOLE(61)] "[object Object] ye chalOOOO", source: chrome-extension://ljngjbnaijcbncmcnjfhigebomdlkcjo/extension/background.js (61)
[10816:12992:1229/181005.430:INFO:CONSOLE(0)] "Access to XMLHttpRequest at 'http://298279967.log.optimizely.com/event?a=298279967&d=298279967&y=false&n=engagement&g=298283957&u=oeu1609245601678r0.9593178962201696&wxhr=true&t=1609245604682&f=298349752,318188263' from origin 'http://the-internet.herokuapp.com' has been blocked by CORS policy: No 'Access-Control-Allow-Origin' header is present on the requested resource.", source: http://the-internet.herokuapp.com/login (0)
[10816:12992:1229/181005.438:INFO:CONSOLE(0)] "Access to XMLHttpRequest at 'http://298279967.log.optimizely.com/event?a=298279967&d=298279967&y=false&n=http%3A%2F%2Fthe-internet.herokuapp.com%2F&u=oeu1609245601678r0.9593178962201696&wxhr=true&t=1609245601682&f=298349752,318188263' from origin 'http://the-internet.herokuapp.com' has been blocked by CORS policy: No 'Access-Control-Allow-Origin' header is present on the requested resource.", source: http://the-internet.herokuapp.com/login (0)
[10816:12992:1229/181006.092:INFO:CONSOLE(0)] "Access to XMLHttpRequest at 'http://298279967.log.optimizely.com/event?a=298279967&d=298279967&y=false&n=engagement&g=298283957&u=oeu1609245601678r0.9593178962201696&wxhr=true&t=1609245605861&f=298349752,318188263' from origin 'http://the-internet.herokuapp.com' has been blocked by CORS policy: No 'Access-Control-Allow-Origin' header is present on the requested resource.", source: http://the-internet.herokuapp.com/login (0)
[10816:12992:1229/181006.403:INFO:CONSOLE(61)] "[object Object] ye chalOOOO", source: chrome-extension://ljngjbnaijcbncmcnjfhigebomdlkcjo/extension/background.js (61)
[10816:12992:1229/181006.451:INFO:CONSOLE(61)] "[object Object] ye chalOOOO", source: chrome-extension://ljngjbnaijcbncmcnjfhigebomdlkcjo/extension/background.js (61)
[10816:12992:1229/181006.635:INFO:CONSOLE(0)] "Access to XMLHttpRequest at 'http://298279967.log.optimizely.com/event?a=298279967&d=298279967&y=false&n=engagement&g=298283957&u=oeu1609245601678r0.9593178962201696&wxhr=true&t=1609245605861&f=298349752,318188263' from origin 'http://the-internet.herokuapp.com' has been blocked by CORS policy: No 'Access-Control-Allow-Origin' header is present on the requested resource.", source: http://the-internet.herokuapp.com/secure (0)
[10816:12992:1229/181006.638:INFO:CONSOLE(0)] "Access to XMLHttpRequest at 'http://298279967.log.optimizely.com/event?a=298279967&d=298279967&y=false&n=http%3A%2F%2Fthe-internet.herokuapp.com%2Fsecure&u=oeu1609245601678r0.9593178962201696&wxhr=true&t=1609245606410&f=298349752,318188263' from origin 'http://the-internet.herokuapp.com' has been blocked by CORS policy: No 'Access-Control-Allow-Origin' header is present on the requested resource.", source: http://the-internet.herokuapp.com/secure (0)
[10816:12992:1229/181006.652:INFO:CONSOLE(0)] "Access to XMLHttpRequest at 'http://298279967.log.optimizely.com/event?a=298279967&d=298279967&y=false&n=http%3A%2F%2Fthe-internet.herokuapp.com%2Flogin&u=oeu1609245601678r0.9593178962201696&wxhr=true&t=1609245604982&f=298349752,318188263' from origin 'http://the-internet.herokuapp.com' has been blocked by CORS policy: No 'Access-Control-Allow-Origin' header is present on the requested resource.", source: http://the-internet.herokuapp.com/secure (0)
